
Showing logs for build [32mcraft-de-jet-react-cdj-master-5p8tc-1[0m stage [32mfrom-build-pack[0m and container [32mstep-credential-initializer-zq45z[0m
{"level":"info","ts":1588011826.9564383,"logger":"fallback-logger","caller":"logging/config.go:69","msg":"Fetch GitHub commit ID from kodata failed: open /var/run/ko/refs/heads/0.8.0-ns-support: no such file or directory"}
{"level":"info","ts":1588011826.956906,"logger":"fallback-logger","caller":"creds-init/main.go:40","msg":"Credentials initialized."}

Showing logs for build [32mcraft-de-jet-react-cdj-master-5p8tc-1[0m stage [32mfrom-build-pack[0m and container [32mstep-working-dir-initializer-7swwc[0m
{"level":"info","ts":1588011827.4914854,"logger":"fallback-logger","caller":"logging/config.go:69","msg":"Fetch GitHub commit ID from kodata failed: open /var/run/ko/HEAD: no such file or directory"}
{"level":"info","ts":1588011827.492891,"logger":"fallback-logger","caller":"bash/main.go:64","msg":"Successfully executed command \"sh -c mkdir -p /workspace/source\"; output "}

Showing logs for build [32mcraft-de-jet-react-cdj-master-5p8tc-1[0m stage [32mfrom-build-pack[0m and container [32mstep-place-tools[0m

Showing logs for build [32mcraft-de-jet-react-cdj-master-5p8tc-1[0m stage [32mfrom-build-pack[0m and container [32mstep-git-source-craft-de-jet-react-cdj-master-5p8tc-wz42t[0m
{"level":"info","ts":1588011933.5724516,"logger":"fallback-logger","caller":"logging/config.go:69","msg":"Fetch GitHub commit ID from kodata failed: open /var/run/ko/refs/heads/0.8.0-ns-support: no such file or directory"}
{"level":"info","ts":1588011936.4874418,"logger":"fallback-logger","caller":"git/git.go:103","msg":"Successfully cloned https://github.com/************/react-cdj.git @ v0.0.1 in path /workspace/source"}

Showing logs for build [32mcraft-de-jet-react-cdj-master-5p8tc-1[0m stage [32mfrom-build-pack[0m and container [32mstep-git-merge[0m
Using SHAs from PULL_REFS=master:f7228d537e49519cb046a13b08fdf2c534563baa
WARNING: no SHAs to merge, falling back to initial cloned commit

Showing logs for build [32mcraft-de-jet-react-cdj-master-5p8tc-1[0m stage [32mfrom-build-pack[0m and container [32mstep-setup-jx-git-credentials[0m
Generated Git credentials file /workspace/xdg_config/git/credentials

Showing logs for build [32mcraft-de-jet-react-cdj-master-5p8tc-1[0m stage [32mfrom-build-pack[0m and container [32mstep-build-npmrc[0m
Command "credential" is deprecated, it will be removed on Jun 1 2020.  This is replaced by Tekton's mounted secrets
WARNING: failed to find Secret npm-token in namespace **

Showing logs for build [32mcraft-de-jet-react-cdj-master-5p8tc-1[0m stage [32mfrom-build-pack[0m and container [32mstep-build-npm-install[0m
npm WARN deprecated extract-text-webpack-plugin@3.0.2: Deprecated. Please use https://github.com/webpack-contrib/mini-css-extract-plugin
npm WARN deprecated fsevents@1.2.12: fsevents 1 will break on node v14+ and could be using insecure binaries. Upgrade to fsevents 2.
npm WARN deprecated core-js@2.6.11: core-js@<3 is no longer maintained and not recommended for usage due to the number of issues. Please, upgrade your dependencies to the actual version of core-js@3.
npm WARN deprecated browserslist@2.11.3: Browserslist 2 could fail on reading Browserslist >3.0 config used in other tools.
npm WARN deprecated sw-precache@5.2.1: Please migrate to Workbox: https://developers.google.com/web/tools/workbox/guides/migrations/migrate-from-sw
npm WARN deprecated chokidar@1.7.0: Chokidar 2 will break on node v14+. Upgrade to chokidar 3 with 15x less dependencies.
npm WARN deprecated sw-toolbox@3.6.0: Please migrate to Workbox: https://developers.google.com/web/tools/workbox/guides/migrations/migrate-from-sw
npm WARN deprecated chokidar@2.1.8: Chokidar 2 will break on node v14+. Upgrade to chokidar 3 with 15x less dependencies.
npm WARN deprecated browserslist@1.7.7: Browserslist 2 could fail on reading Browserslist >3.0 config used in other tools.
npm WARN deprecated circular-json@0.3.3: CircularJSON is in maintenance only, flatted is its successor.
npm WARN deprecated request@2.88.2: request has been deprecated, see https://github.com/request/request/issues/3142
npm WARN deprecated resolve-url@0.2.1: https://github.com/lydell/resolve-url#deprecated
npm WARN deprecated urix@0.1.0: Please see https://github.com/lydell/urix#deprecated

> core-js@2.6.11 postinstall /workspace/source/node_modules/core-js
> node -e "try{require('./postinstall')}catch(e)**"


> uglifyjs-webpack-plugin@0.4.6 postinstall /workspace/source/node_modules/uglifyjs-webpack-plugin
> node lib/post_install.js

npm notice created a lockfile as package-lock.json. You should commit this file.
npm WARN optional SKIPPING OPTIONAL DEPENDENCY: fsevents@^1.1.3 (node_modules/react-scripts/node_modules/fsevents):
npm WARN notsup SKIPPING OPTIONAL DEPENDENCY: Unsupported platform for fsevents@1.2.12: wanted {"os":"darwin","arch":"any"} (current: {"os":"linux","arch":"x64"})
npm WARN ajv-keywords@3.4.1 requires a peer of ajv@^6.9.1 but none is installed. You must install peer dependencies yourself.
npm WARN optional SKIPPING OPTIONAL DEPENDENCY: abbrev@1.1.1 (node_modules/fsevents/node_modules/abbrev):
npm WARN enoent SKIPPING OPTIONAL DEPENDENCY: ENOENT: no such file or directory, rename '/workspace/source/node_modules/fsevents/node_modules/abbrev' -> '/workspace/source/node_modules/fsevents/node_modules/.abbrev.DELETE'
npm WARN optional SKIPPING OPTIONAL DEPENDENCY: ansi-regex@2.1.1 (node_modules/fsevents/node_modules/ansi-regex):
npm WARN enoent SKIPPING OPTIONAL DEPENDENCY: ENOENT: no such file or directory, rename '/workspace/source/node_modules/fsevents/node_modules/ansi-regex' -> '/workspace/source/node_modules/fsevents/node_modules/.ansi-regex.DELETE'
npm WARN optional SKIPPING OPTIONAL DEPENDENCY: aproba@1.2.0 (node_modules/fsevents/node_modules/aproba):
npm WARN enoent SKIPPING OPTIONAL DEPENDENCY: ENOENT: no such file or directory, rename '/workspace/source/node_modules/fsevents/node_modules/aproba' -> '/workspace/source/node_modules/fsevents/node_modules/.aproba.DELETE'
npm WARN optional SKIPPING OPTIONAL DEPENDENCY: balanced-match@1.0.0 (node_modules/fsevents/node_modules/balanced-match):
npm WARN enoent SKIPPING OPTIONAL DEPENDENCY: ENOENT: no such file or directory, rename '/workspace/source/node_modules/fsevents/node_modules/balanced-match' -> '/workspace/source/node_modules/fsevents/node_modules/.balanced-match.DELETE'
npm WARN optional SKIPPING OPTIONAL DEPENDENCY: chownr@1.1.4 (node_modules/fsevents/node_modules/chownr):
npm WARN enoent SKIPPING OPTIONAL DEPENDENCY: ENOENT: no such file or directory, rename '/workspace/source/node_modules/fsevents/node_modules/chownr' -> '/workspace/source/node_modules/fsevents/node_modules/.chownr.DELETE'
npm WARN optional SKIPPING OPTIONAL DEPENDENCY: code-point-at@1.1.0 (node_modules/fsevents/node_modules/code-point-at):
npm WARN enoent SKIPPING OPTIONAL DEPENDENCY: ENOENT: no such file or directory, rename '/workspace/source/node_modules/fsevents/node_modules/code-point-at' -> '/workspace/source/node_modules/fsevents/node_modules/.code-point-at.DELETE'
npm WARN optional SKIPPING OPTIONAL DEPENDENCY: concat-map@0.0.1 (node_modules/fsevents/node_modules/concat-map):
npm WARN enoent SKIPPING OPTIONAL DEPENDENCY: ENOENT: no such file or directory, rename '/workspace/source/node_modules/fsevents/node_modules/concat-map' -> '/workspace/source/node_modules/fsevents/node_modules/.concat-map.DELETE'
npm WARN optional SKIPPING OPTIONAL DEPENDENCY: console-control-strings@1.1.0 (node_modules/fsevents/node_modules/console-control-strings):
npm WARN enoent SKIPPING OPTIONAL DEPENDENCY: ENOENT: no such file or directory, rename '/workspace/source/node_modules/fsevents/node_modules/console-control-strings' -> '/workspace/source/node_modules/fsevents/node_modules/.console-control-strings.DELETE'
npm WARN optional SKIPPING OPTIONAL DEPENDENCY: core-util-is@1.0.2 (node_modules/fsevents/node_modules/core-util-is):
npm WARN enoent SKIPPING OPTIONAL DEPENDENCY: ENOENT: no such file or directory, rename '/workspace/source/node_modules/fsevents/node_modules/core-util-is' -> '/workspace/source/node_modules/fsevents/node_modules/.core-util-is.DELETE'
npm WARN optional SKIPPING OPTIONAL DEPENDENCY: deep-extend@0.6.0 (node_modules/fsevents/node_modules/deep-extend):
npm WARN enoent SKIPPING OPTIONAL DEPENDENCY: ENOENT: no such file or directory, rename '/workspace/source/node_modules/fsevents/node_modules/deep-extend' -> '/workspace/source/node_modules/fsevents/node_modules/.deep-extend.DELETE'
npm WARN optional SKIPPING OPTIONAL DEPENDENCY: delegates@1.0.0 (node_modules/fsevents/node_modules/delegates):
npm WARN enoent SKIPPING OPTIONAL DEPENDENCY: ENOENT: no such file or directory, rename '/workspace/source/node_modules/fsevents/node_modules/delegates' -> '/workspace/source/node_modules/fsevents/node_modules/.delegates.DELETE'
npm WARN optional SKIPPING OPTIONAL DEPENDENCY: detect-libc@1.0.3 (node_modules/fsevents/node_modules/detect-libc):
npm WARN enoent SKIPPING OPTIONAL DEPENDENCY: ENOENT: no such file or directory, rename '/workspace/source/node_modules/fsevents/node_modules/detect-libc' -> '/workspace/source/node_modules/fsevents/node_modules/.detect-libc.DELETE'
npm WARN optional SKIPPING OPTIONAL DEPENDENCY: fs.realpath@1.0.0 (node_modules/fsevents/node_modules/fs.realpath):
npm WARN enoent SKIPPING OPTIONAL DEPENDENCY: ENOENT: no such file or directory, rename '/workspace/source/node_modules/fsevents/node_modules/fs.realpath' -> '/workspace/source/node_modules/fsevents/node_modules/.fs.realpath.DELETE'
npm WARN optional SKIPPING OPTIONAL DEPENDENCY: has-unicode@2.0.1 (node_modules/fsevents/node_modules/has-unicode):
npm WARN enoent SKIPPING OPTIONAL DEPENDENCY: ENOENT: no such file or directory, rename '/workspace/source/node_modules/fsevents/node_modules/has-unicode' -> '/workspace/source/node_modules/fsevents/node_modules/.has-unicode.DELETE'
npm WARN optional SKIPPING OPTIONAL DEPENDENCY: inherits@2.0.4 (node_modules/fsevents/node_modules/inherits):
npm WARN enoent SKIPPING OPTIONAL DEPENDENCY: ENOENT: no such file or directory, rename '/workspace/source/node_modules/fsevents/node_modules/inherits' -> '/workspace/source/node_modules/fsevents/node_modules/.inherits.DELETE'
npm WARN optional SKIPPING OPTIONAL DEPENDENCY: ini@1.3.5 (node_modules/fsevents/node_modules/ini):
npm WARN enoent SKIPPING OPTIONAL DEPENDENCY: ENOENT: no such file or directory, rename '/workspace/source/node_modules/fsevents/node_modules/ini' -> '/workspace/source/node_modules/fsevents/node_modules/.ini.DELETE'
npm WARN optional SKIPPING OPTIONAL DEPENDENCY: isarray@1.0.0 (node_modules/fsevents/node_modules/isarray):
npm WARN enoent SKIPPING OPTIONAL DEPENDENCY: ENOENT: no such file or directory, rename '/workspace/source/node_modules/fsevents/node_modules/isarray' -> '/workspace/source/node_modules/fsevents/node_modules/.isarray.DELETE'
npm WARN optional SKIPPING OPTIONAL DEPENDENCY: minimist@1.2.5 (node_modules/fsevents/node_modules/minimist):
npm WARN enoent SKIPPING OPTIONAL DEPENDENCY: ENOENT: no such file or directory, rename '/workspace/source/node_modules/fsevents/node_modules/minimist' -> '/workspace/source/node_modules/fsevents/node_modules/.minimist.DELETE'
npm WARN optional SKIPPING OPTIONAL DEPENDENCY: ms@2.1.2 (node_modules/fsevents/node_modules/ms):
npm WARN enoent SKIPPING OPTIONAL DEPENDENCY: ENOENT: no such file or directory, rename '/workspace/source/node_modules/fsevents/node_modules/ms' -> '/workspace/source/node_modules/fsevents/node_modules/.ms.DELETE'
npm WARN optional SKIPPING OPTIONAL DEPENDENCY: npm-normalize-package-bin@1.0.1 (node_modules/fsevents/node_modules/npm-normalize-package-bin):
npm WARN enoent SKIPPING OPTIONAL DEPENDENCY: ENOENT: no such file or directory, rename '/workspace/source/node_modules/fsevents/node_modules/npm-normalize-package-bin' -> '/workspace/source/node_modules/fsevents/node_modules/.npm-normalize-package-bin.DELETE'
npm WARN optional SKIPPING OPTIONAL DEPENDENCY: number-is-nan@1.0.1 (node_modules/fsevents/node_modules/number-is-nan):
npm WARN enoent SKIPPING OPTIONAL DEPENDENCY: ENOENT: no such file or directory, rename '/workspace/source/node_modules/fsevents/node_modules/number-is-nan' -> '/workspace/source/node_modules/fsevents/node_modules/.number-is-nan.DELETE'
npm WARN optional SKIPPING OPTIONAL DEPENDENCY: object-assign@4.1.1 (node_modules/fsevents/node_modules/object-assign):
npm WARN enoent SKIPPING OPTIONAL DEPENDENCY: ENOENT: no such file or directory, rename '/workspace/source/node_modules/fsevents/node_modules/object-assign' -> '/workspace/source/node_modules/fsevents/node_modules/.object-assign.DELETE'
npm WARN optional SKIPPING OPTIONAL DEPENDENCY: os-homedir@1.0.2 (node_modules/fsevents/node_modules/os-homedir):
npm WARN enoent SKIPPING OPTIONAL DEPENDENCY: ENOENT: no such file or directory, rename '/workspace/source/node_modules/fsevents/node_modules/os-homedir' -> '/workspace/source/node_modules/fsevents/node_modules/.os-homedir.DELETE'
npm WARN optional SKIPPING OPTIONAL DEPENDENCY: os-tmpdir@1.0.2 (node_modules/fsevents/node_modules/os-tmpdir):
npm WARN enoent SKIPPING OPTIONAL DEPENDENCY: ENOENT: no such file or directory, rename '/workspace/source/node_modules/fsevents/node_modules/os-tmpdir' -> '/workspace/source/node_modules/fsevents/node_modules/.os-tmpdir.DELETE'
npm WARN optional SKIPPING OPTIONAL DEPENDENCY: path-is-absolute@1.0.1 (node_modules/fsevents/node_modules/path-is-absolute):
npm WARN enoent SKIPPING OPTIONAL DEPENDENCY: ENOENT: no such file or directory, rename '/workspace/source/node_modules/fsevents/node_modules/path-is-absolute' -> '/workspace/source/node_modules/fsevents/node_modules/.path-is-absolute.DELETE'
npm WARN optional SKIPPING OPTIONAL DEPENDENCY: process-nextick-args@2.0.1 (node_modules/fsevents/node_modules/process-nextick-args):
npm WARN enoent SKIPPING OPTIONAL DEPENDENCY: ENOENT: no such file or directory, rename '/workspace/source/node_modules/fsevents/node_modules/process-nextick-args' -> '/workspace/source/node_modules/fsevents/node_modules/.process-nextick-args.DELETE'
npm WARN optional SKIPPING OPTIONAL DEPENDENCY: safe-buffer@5.1.2 (node_modules/fsevents/node_modules/safe-buffer):
npm WARN enoent SKIPPING OPTIONAL DEPENDENCY: ENOENT: no such file or directory, rename '/workspace/source/node_modules/fsevents/node_modules/safe-buffer' -> '/workspace/source/node_modules/fsevents/node_modules/.safe-buffer.DELETE'
npm WARN optional SKIPPING OPTIONAL DEPENDENCY: safer-buffer@2.1.2 (node_modules/fsevents/node_modules/safer-buffer):
npm WARN enoent SKIPPING OPTIONAL DEPENDENCY: ENOENT: no such file or directory, rename '/workspace/source/node_modules/fsevents/node_modules/safer-buffer' -> '/workspace/source/node_modules/fsevents/node_modules/.safer-buffer.DELETE'
npm WARN optional SKIPPING OPTIONAL DEPENDENCY: sax@1.2.4 (node_modules/fsevents/node_modules/sax):
npm WARN enoent SKIPPING OPTIONAL DEPENDENCY: ENOENT: no such file or directory, rename '/workspace/source/node_modules/fsevents/node_modules/sax' -> '/workspace/source/node_modules/fsevents/node_modules/.sax.DELETE'
npm WARN optional SKIPPING OPTIONAL DEPENDENCY: semver@5.7.1 (node_modules/fsevents/node_modules/semver):
npm WARN enoent SKIPPING OPTIONAL DEPENDENCY: ENOENT: no such file or directory, rename '/workspace/source/node_modules/fsevents/node_modules/semver' -> '/workspace/source/node_modules/fsevents/node_modules/.semver.DELETE'
npm WARN optional SKIPPING OPTIONAL DEPENDENCY: set-blocking@2.0.0 (node_modules/fsevents/node_modules/set-blocking):
npm WARN enoent SKIPPING OPTIONAL DEPENDENCY: ENOENT: no such file or directory, rename '/workspace/source/node_modules/fsevents/node_modules/set-blocking' -> '/workspace/source/node_modules/fsevents/node_modules/.set-blocking.DELETE'
npm WARN optional SKIPPING OPTIONAL DEPENDENCY: signal-exit@3.0.2 (node_modules/fsevents/node_modules/signal-exit):
npm WARN enoent SKIPPING OPTIONAL DEPENDENCY: ENOENT: no such file or directory, rename '/workspace/source/node_modules/fsevents/node_modules/signal-exit' -> '/workspace/source/node_modules/fsevents/node_modules/.signal-exit.DELETE'
npm WARN optional SKIPPING OPTIONAL DEPENDENCY: strip-json-comments@2.0.1 (node_modules/fsevents/node_modules/strip-json-comments):
npm WARN enoent SKIPPING OPTIONAL DEPENDENCY: ENOENT: no such file or directory, rename '/workspace/source/node_modules/fsevents/node_modules/strip-json-comments' -> '/workspace/source/node_modules/fsevents/node_modules/.strip-json-comments.DELETE'
npm WARN optional SKIPPING OPTIONAL DEPENDENCY: util-deprecate@1.0.2 (node_modules/fsevents/node_modules/util-deprecate):
npm WARN enoent SKIPPING OPTIONAL DEPENDENCY: ENOENT: no such file or directory, rename '/workspace/source/node_modules/fsevents/node_modules/util-deprecate' -> '/workspace/source/node_modules/fsevents/node_modules/.util-deprecate.DELETE'
npm WARN optional SKIPPING OPTIONAL DEPENDENCY: wrappy@1.0.2 (node_modules/fsevents/node_modules/wrappy):
npm WARN enoent SKIPPING OPTIONAL DEPENDENCY: ENOENT: no such file or directory, rename '/workspace/source/node_modules/fsevents/node_modules/wrappy' -> '/workspace/source/node_modules/fsevents/node_modules/.wrappy.DELETE'
npm WARN optional SKIPPING OPTIONAL DEPENDENCY: yallist@3.1.1 (node_modules/fsevents/node_modules/yallist):
npm WARN enoent SKIPPING OPTIONAL DEPENDENCY: ENOENT: no such file or directory, rename '/workspace/source/node_modules/fsevents/node_modules/yallist' -> '/workspace/source/node_modules/fsevents/node_modules/.yallist.DELETE'

added 1326 packages from 743 contributors and audited 13827 packages in 85.129s
found 41 vulnerabilities (30 low, 5 moderate, 6 high)
  run `npm audit fix` to fix them, or `npm audit` for details

Showing logs for build [32mcraft-de-jet-react-cdj-master-5p8tc-1[0m stage [32mfrom-build-pack[0m and container [32mstep-build-npm-test[0m

> react-quickstart@0.1.0 test /workspace/source
> react-scripts test --env=jsdom

 PASS  src/components/App.test.js
  ✓ renders without crashing (41ms)

Test Suites: 1 passed, 1 total
Tests:       1 passed, 1 total
Snapshots:   0 total
Time:        1.718s
Ran all test suites.

Showing logs for build [32mcraft-de-jet-react-cdj-master-5p8tc-1[0m stage [32mfrom-build-pack[0m and container [32mstep-build-container-build[0m
[36mINFO[0m[0000] Resolved base name node:9-slim to node:9-slim 
[36mINFO[0m[0000] Using dockerignore file: /workspace/source/.dockerignore 
[36mINFO[0m[0000] Resolved base name node:9-slim to node:9-slim 
[36mINFO[0m[0000] Retrieving image manifest node:9-slim        
[36mINFO[0m[0005] Retrieving image manifest node:9-slim        
[36mINFO[0m[0008] Built cross stage deps: map[]                
[36mINFO[0m[0008] Retrieving image manifest node:9-slim        
[36mINFO[0m[0011] Retrieving image manifest node:9-slim        
[36mINFO[0m[0015] cmd: EXPOSE                                  
[36mINFO[0m[0015] Adding exposed port: 8080/tcp                
[36mINFO[0m[0019] Checking for cached layer 10.43.82.106:5000/todo/cache:158008f53c9d21259c74cc9fb79977fa5f1ac2e9c2ba087605b890fbe0702141... 
[36mINFO[0m[0019] No cached layer found for cmd COPY . .       
[36mINFO[0m[0019] Unpacking rootfs as cmd COPY . . requires it. 
[36mINFO[0m[0091] Taking snapshot of full filesystem...        
[36mINFO[0m[0092] Resolving paths                              
[36mINFO[0m[0094] ENV PORT 8080                                
[36mINFO[0m[0094] No files changed in this command, skipping snapshotting. 
[36mINFO[0m[0094] EXPOSE 8080                                  
[36mINFO[0m[0094] cmd: EXPOSE                                  
[36mINFO[0m[0094] Adding exposed port: 8080/tcp                
[36mINFO[0m[0094] No files changed in this command, skipping snapshotting. 
[36mINFO[0m[0094] WORKDIR /usr/src/app                         
[36mINFO[0m[0094] cmd: workdir                                 
[36mINFO[0m[0094] Changed working directory to /usr/src/app    
[36mINFO[0m[0094] Creating directory /usr/src/app              
[36mINFO[0m[0094] Resolving paths                              
[36mINFO[0m[0094] Taking snapshot of files...                  
[36mINFO[0m[0097] COPY . .                                     
[36mINFO[0m[0104] Resolving paths                              
[36mINFO[0m[0106] Taking snapshot of files...                  
[36mINFO[0m[0113] CMD ["npm", "start"]                         
[36mINFO[0m[0113] No files changed in this command, skipping snapshotting. 
[36mINFO[0m[0113] Pushing layer 10.43.82.106:5000/todo/cache:158008f53c9d21259c74cc9fb79977fa5f1ac2e9c2ba087605b890fbe0702141 to cache now 

Showing logs for build [32mcraft-de-jet-react-cdj-master-5p8tc-1[0m stage [32mfrom-build-pack[0m and container [32mstep-build-post-build[0m
no CVE provider running in the current ** namespace so skip adding image to be analysed

Showing logs for build [32mcraft-de-jet-react-cdj-master-5p8tc-1[0m stage [32mfrom-build-pack[0m and container [32mstep-promote-changelog[0m
Converted /workspace/source/charts/react-cdj to an unshallow repository
Generating change log from git ref e1c9dd93efc781ce4a8ee3b53d0bd4a2a369fe48 => c78aa67e9b4ea817e92ee069e0a84657e41bc2db
Associating user x-0 in users.jenkins.io with email ************@gmail.com to git GitProvider user with login -0 as emails match
Adding label jenkins.io/git-github-userid=-0 to user x-0 in users.jenkins.io
WARNING: Failed to enrich commit f7228d537e49519cb046a13b08fdf2c534563baa with issues: User.jenkins.io "x-0" is invalid: metadata.labels: Invalid value: "-0": a valid label must be an empty string or consist of alphanumeric characters, '-', '_' or '.', and must start and end with an alphanumeric character (e.g. 'MyValue',  or 'my_value',  or '12345', regex used for validation is '(([A-Za-z0-9][-A-Za-z0-9_.]*)?[A-Za-z0-9])?')
Finding issues in commit messages using git format
WARNING: No release found for ************/react-cdj and tag v0.0.1 so creating a new release
Updated the release information at https://github.com/************/react-cdj/releases/tag/v0.0.1
generated: /workspace/source/charts/react-cdj/templates/release.yaml
Created Release react-cdj-0-0-1 resource in namespace **
Updating PipelineActivity ************-react-cdj-master-1 with version 0.0.1
Updated PipelineActivities ************-react-cdj-master-1 with release notes URL: https://github.com/************/react-cdj/releases/tag/v0.0.1

Showing logs for build [32mcraft-de-jet-react-cdj-master-5p8tc-1[0m stage [32mfrom-build-pack[0m and container [32mstep-promote-helm-release[0m
WARNING: No $CHART_REPOSITORY defined so using the default value of: http://jenkins-x-chartmuseum:8080
Adding missing Helm repo: storage.googleapis.com https://storage.googleapis.com/chartmuseum.jenkins-x.io
Successfully added Helm repository storage.googleapis.com.
Adding missing Helm repo: jenkins-x-chartmuseum http://jenkins-x-chartmuseum:8080
Successfully added Helm repository jenkins-x-chartmuseum.
WARNING: No $CHART_REPOSITORY defined so using the default value of: http://jenkins-x-chartmuseum:8080
Uploading chart file react-cdj-0.0.1.tgz to http://jenkins-x-chartmuseum:8080/api/charts
Received 201 response: {"saved":true}

Showing logs for build [32mcraft-de-jet-react-cdj-master-5p8tc-1[0m stage [32mfrom-build-pack[0m and container [32mstep-promote-jx-promote[0m
WARNING: prow based install so skip waiting for the merge of Pull Requests to go green as currently there is an issue with gettingstatuses from the PR, see https://github.com/jenkins-x/**/issues/2410
WARNING: No $CHART_REPOSITORY defined so using the default value of: http://jenkins-x-chartmuseum:8080
Promoting app react-cdj version 0.0.1 to namespace **-staging
WARNING: 
Created Pull Request: https://github.com/************/environment-k3s-ubn-boot-staging/pull/1
Added label updatebot to Pull Request https://github.com/************/environment-k3s-ubn-boot-staging/pull/1
got git provider status pending from PR https://github.com/************/environment-k3s-ubn-boot-staging/pull/1
got git provider status pending from PR https://github.com/************/environment-k3s-ubn-boot-staging/pull/1
error: Pull request https://github.com/************/environment-k3s-ubn-boot-staging/pull/1 last commit has status failure for ref d6e9909a9d95d4bae2933acd84a0b60093d838cf
[31m
Pipeline failed on stage 'from-build-pack' : container 'step-promote-jx-promote'. The execution of the pipeline has stopped.[0m
